2024-08-06 11:18:27,179 - INFO - Script started
2024-08-06 11:19:31,024 - INFO - Got info of 33/63 hotels
2024-08-06 11:19:31,024 - INFO - Total processed records for 'Hammamet(2024-08-10->2024-08-11)'from https://www.traveltodo.com/: 33
2024-08-06 11:19:39,467 - INFO - Scraping Tunisie Booking for hotels in Hammamet (2024-08-10 --> 2024-08-11)
2024-08-06 11:19:39,467 - INFO - Scraping Tunisie Booking for hotels in Hammamet (2024-08-10 --> 2024-08-11)
2024-08-06 11:20:00,656 - INFO - Got info of 10/10 hotels
2024-08-06 11:20:00,656 - INFO - Total processed records for 'Hammamet(2024-08-10->2024-08-11)'from https://tn.tunisiebooking.com/: 10
2024-08-06 11:20:08,391 - INFO - Scraping Liberta for hotels in 'Hammamet' (2024-08-10 --> 2024-08-11)
2024-08-06 11:21:05,656 - INFO - Got info of 65/65 hotels
2024-08-06 11:21:05,656 - INFO - Total processed records for 'Hammamet(2024-08-10->2024-08-11)'from https://www.libertavoyages.com/: 65
2024-08-06 11:22:28,161 - INFO - Got info of 48/54 hotels
2024-08-06 11:22:28,161 - INFO - Total processed records for 'Tunis(2024-08-10->2024-08-11)'from https://www.traveltodo.com/: 48
2024-08-06 11:22:35,780 - INFO - Scraping Tunisie Booking for hotels in Tunis (2024-08-10 --> 2024-08-11)
2024-08-06 11:22:35,780 - INFO - Scraping Tunisie Booking for hotels in Tunis (2024-08-10 --> 2024-08-11)
2024-08-06 11:22:57,656 - INFO - Got info of 20/20 hotels
2024-08-06 11:22:57,656 - INFO - Total processed records for 'Tunis(2024-08-10->2024-08-11)'from https://tn.tunisiebooking.com/: 20
2024-08-06 11:23:05,330 - INFO - Scraping Liberta for hotels in 'Tunis' (2024-08-10 --> 2024-08-11)
2024-08-06 11:24:15,128 - INFO - Got info of 43/43 hotels
2024-08-06 11:24:15,128 - INFO - Total processed records for 'Tunis(2024-08-10->2024-08-11)'from https://www.libertavoyages.com/: 43
2024-08-06 11:24:44,733 - INFO - Got info of 7/22 hotels
2024-08-06 11:24:44,733 - INFO - Total processed records for 'Monastir(2024-08-10->2024-08-11)'from https://www.traveltodo.com/: 7
2024-08-06 11:24:52,522 - INFO - Scraping Tunisie Booking for hotels in Monastir (2024-08-10 --> 2024-08-11)
2024-08-06 11:24:52,522 - INFO - Scraping Tunisie Booking for hotels in Monastir (2024-08-10 --> 2024-08-11)
2024-08-06 11:25:09,580 - INFO - Got info of 3/3 hotels
2024-08-06 11:25:09,580 - INFO - Total processed records for 'Monastir(2024-08-10->2024-08-11)'from https://tn.tunisiebooking.com/: 3
2024-08-06 11:25:17,437 - INFO - Scraping Liberta for hotels in 'Monastir' (2024-08-10 --> 2024-08-11)
2024-08-06 11:25:58,080 - INFO - Got info of 24/24 hotels
2024-08-06 11:25:58,080 - INFO - Total processed records for 'Monastir(2024-08-10->2024-08-11)'from https://www.libertavoyages.com/: 24
2024-08-06 11:26:46,873 - INFO - Got info of 21/40 hotels
2024-08-06 11:26:46,873 - INFO - Total processed records for 'Sousse(2024-08-10->2024-08-11)'from https://www.traveltodo.com/: 21
2024-08-06 11:26:54,755 - INFO - Scraping Tunisie Booking for hotels in Sousse (2024-08-10 --> 2024-08-11)
2024-08-06 11:26:54,755 - INFO - Scraping Tunisie Booking for hotels in Sousse (2024-08-10 --> 2024-08-11)
2024-08-06 11:27:15,190 - INFO - Got info of 11/11 hotels
2024-08-06 11:27:15,190 - INFO - Total processed records for 'Sousse(2024-08-10->2024-08-11)'from https://tn.tunisiebooking.com/: 11
2024-08-06 11:27:23,030 - INFO - Scraping Liberta for hotels in 'Sousse' (2024-08-10 --> 2024-08-11)
2024-08-06 11:28:03,444 - INFO - Got info of 36/36 hotels
2024-08-06 11:28:03,444 - INFO - Total processed records for 'Sousse(2024-08-10->2024-08-11)'from https://www.libertavoyages.com/: 36
2024-08-06 11:28:55,834 - INFO - Got info of 30/51 hotels
2024-08-06 11:28:55,835 - INFO - Total processed records for 'Djerba(2024-08-10->2024-08-11)'from https://www.traveltodo.com/: 30
2024-08-06 11:29:04,039 - INFO - Scraping Tunisie Booking for hotels in Djerba (2024-08-10 --> 2024-08-11)
2024-08-06 11:29:04,040 - INFO - Scraping Tunisie Booking for hotels in Djerba (2024-08-10 --> 2024-08-11)
2024-08-06 11:29:34,113 - INFO - Got info of 15/15 hotels
2024-08-06 11:29:34,114 - INFO - Total processed records for 'Djerba(2024-08-10->2024-08-11)'from https://tn.tunisiebooking.com/: 15
2024-08-06 11:29:43,417 - INFO - Scraping Liberta for hotels in 'Djerba' (2024-08-10 --> 2024-08-11)
2024-08-06 11:30:25,922 - INFO - Got info of 52/52 hotels
2024-08-06 11:30:25,922 - INFO - Total processed records for 'Djerba(2024-08-10->2024-08-11)'from https://www.libertavoyages.com/: 52
2024-08-06 11:30:48,526 - INFO - Got info of 3/13 hotels
2024-08-06 11:30:48,526 - INFO - Total processed records for 'Mahdia(2024-08-10->2024-08-11)'from https://www.traveltodo.com/: 3
2024-08-06 11:30:56,640 - INFO - Scraping Tunisie Booking for hotels in Mahdia (2024-08-10 --> 2024-08-11)
2024-08-06 11:30:56,640 - INFO - Scraping Tunisie Booking for hotels in Mahdia (2024-08-10 --> 2024-08-11)
2024-08-06 11:31:13,088 - INFO - Got info of 0/0 hotels
2024-08-06 11:31:13,089 - INFO - Total processed records for 'Mahdia(2024-08-10->2024-08-11)'from https://tn.tunisiebooking.com/: 0
2024-08-06 11:31:20,658 - INFO - Scraping Tunisie Booking for hotels in Mahdia (2024-08-10 --> 2024-08-11)
2024-08-06 11:31:20,658 - INFO - Scraping Tunisie Booking for hotels in Mahdia (2024-08-10 --> 2024-08-11)
2024-08-06 11:31:36,299 - INFO - Got info of 0/0 hotels
2024-08-06 11:31:36,299 - INFO - Total processed records for 'Mahdia(2024-08-10->2024-08-11)'from https://tn.tunisiebooking.com/: 0
2024-08-06 11:31:45,181 - INFO - Scraping Tunisie Booking for hotels in Mahdia (2024-08-10 --> 2024-08-11)
2024-08-06 11:31:45,181 - INFO - Scraping Tunisie Booking for hotels in Mahdia (2024-08-10 --> 2024-08-11)
2024-08-06 11:32:02,780 - INFO - Got info of 0/0 hotels
2024-08-06 11:32:02,780 - INFO - Total processed records for 'Mahdia(2024-08-10->2024-08-11)'from https://tn.tunisiebooking.com/: 0
2024-08-06 11:32:10,932 - INFO - Scraping Tunisie Booking for hotels in Mahdia (2024-08-10 --> 2024-08-11)
2024-08-06 11:32:10,932 - INFO - Scraping Tunisie Booking for hotels in Mahdia (2024-08-10 --> 2024-08-11)
2024-08-06 11:32:27,485 - INFO - Got info of 0/0 hotels
2024-08-06 11:32:27,485 - INFO - Total processed records for 'Mahdia(2024-08-10->2024-08-11)'from https://tn.tunisiebooking.com/: 0
2024-08-06 11:32:35,465 - INFO - Scraping Liberta for hotels in 'Mahdia' (2024-08-10 --> 2024-08-11)
2024-08-06 11:32:57,978 - INFO - Got info of 0/0 hotels
2024-08-06 11:32:57,978 - INFO - Total processed records for 'Mahdia(2024-08-10->2024-08-11)'from https://www.libertavoyages.com/: 0
2024-08-06 11:33:05,611 - INFO - Scraping Liberta for hotels in 'Mahdia' (2024-08-10 --> 2024-08-11)
2024-08-06 11:33:43,931 - INFO - Got info of 14/14 hotels
2024-08-06 11:33:43,931 - INFO - Total processed records for 'Mahdia(2024-08-10->2024-08-11)'from https://www.libertavoyages.com/: 14
2024-08-06 11:34:14,553 - INFO - Got info of 5/7 hotels
2024-08-06 11:34:14,553 - INFO - Total processed records for 'Tozeur(2024-08-10->2024-08-11)'from https://www.traveltodo.com/: 5
2024-08-06 11:34:22,875 - INFO - Scraping Tunisie Booking for hotels in Tozeur (2024-08-10 --> 2024-08-11)
2024-08-06 11:34:22,875 - INFO - Scraping Tunisie Booking for hotels in Tozeur (2024-08-10 --> 2024-08-11)
2024-08-06 11:34:41,821 - INFO - Got info of 5/5 hotels
2024-08-06 11:34:41,821 - INFO - Total processed records for 'Tozeur(2024-08-10->2024-08-11)'from https://tn.tunisiebooking.com/: 5
2024-08-06 11:34:49,833 - INFO - Scraping Liberta for hotels in 'Tozeur' (2024-08-10 --> 2024-08-11)
2024-08-06 11:35:33,081 - INFO - Got info of 10/10 hotels
2024-08-06 11:35:33,081 - INFO - Total processed records for 'Tozeur(2024-08-10->2024-08-11)'from https://www.libertavoyages.com/: 10
2024-08-06 11:36:02,358 - INFO - Got info of 5/5 hotels
2024-08-06 11:36:02,358 - INFO - Total processed records for 'Tabarka(2024-08-10->2024-08-11)'from https://www.traveltodo.com/: 5
2024-08-06 11:36:10,074 - INFO - Scraping Tunisie Booking for hotels in Tabarka (2024-08-10 --> 2024-08-11)
2024-08-06 11:36:10,074 - INFO - Scraping Tunisie Booking for hotels in Tabarka (2024-08-10 --> 2024-08-11)
2024-08-06 11:36:27,522 - INFO - Got info of 4/4 hotels
2024-08-06 11:36:27,522 - INFO - Total processed records for 'Tabarka(2024-08-10->2024-08-11)'from https://tn.tunisiebooking.com/: 4
2024-08-06 11:36:35,356 - INFO - Scraping Liberta for hotels in 'Tabarka' (2024-08-10 --> 2024-08-11)
2024-08-06 11:37:17,915 - INFO - Got info of 7/7 hotels
2024-08-06 11:37:17,915 - INFO - Total processed records for 'Tabarka(2024-08-10->2024-08-11)'from https://www.libertavoyages.com/: 7
2024-08-06 11:37:20,743 - INFO - Script completed
2024-08-06 11:37:20,743 - INFO - Total execution time: 1133.56 seconds
2024-08-07 11:23:22,787 - INFO - Scraping Agoda for hotels in 'Hammamet' (2024-08-11 --> 2024-08-12)
2024-08-07 11:32:25,742 - INFO - Scraping Agoda for hotels in 'Hammamet' (2024-08-11 --> 2024-08-12)
2024-08-07 11:37:47,501 - INFO - Scraping Agoda for hotels in 'Hammamet' (2024-08-11 --> 2024-08-12)
2024-08-07 11:59:52,320 - INFO - Scraping Agoda for hotels in 'Hammamet' (2024-08-11 --> 2024-08-12)
2024-08-07 12:01:28,559 - INFO - Scraping Agoda for hotels in 'Hammamet' (2024-08-11 --> 2024-08-12)
2024-08-07 12:03:26,523 - INFO - Scraping Agoda for hotels in 'Hammamet' (2024-08-11 --> 2024-08-12)
2024-08-07 12:04:28,417 - INFO - Scraping Agoda for hotels in 'Hammamet' (2024-08-11 --> 2024-08-12)
2024-08-07 12:05:07,209 - INFO - Scraping Agoda for hotels in 'Hammamet' (2024-08-11 --> 2024-08-12)
2024-08-07 12:05:14,645 - INFO - Script started
2024-08-07 12:05:14,645 - INFO - Script completed
2024-08-07 12:05:14,645 - INFO - Total execution time: 0.00 seconds
2024-08-07 12:18:29,515 - INFO - Scraping Agoda for hotels in 'Hammamet' (2024-08-11 --> 2024-08-12)
2024-08-07 12:18:42,143 - INFO - Script started
2024-08-07 12:18:42,143 - INFO - Script completed
2024-08-07 12:18:42,143 - INFO - Total execution time: 0.00 seconds
2024-08-07 12:19:05,303 - INFO - Scraping Agoda for hotels in 'Hammamet' (2024-08-11 --> 2024-08-12)
2024-08-07 12:19:17,945 - INFO - Script started
2024-08-07 12:19:17,945 - INFO - Script completed
2024-08-07 12:19:17,945 - INFO - Total execution time: 0.00 seconds
2024-08-07 12:19:43,318 - INFO - Scraping Agoda for hotels in 'Hammamet' (2024-08-11 --> 2024-08-12)
2024-08-07 12:19:55,035 - INFO - Script started
2024-08-07 12:19:55,035 - INFO - Script completed
2024-08-07 12:19:55,035 - INFO - Total execution time: 0.00 seconds
2024-08-07 12:20:18,983 - INFO - Scraping Agoda for hotels in 'Hammamet' (2024-08-11 --> 2024-08-12)
2024-08-07 12:20:30,903 - INFO - Script started
2024-08-07 12:20:30,903 - INFO - Script completed
2024-08-07 12:20:30,903 - INFO - Total execution time: 0.00 seconds
2024-08-07 12:24:18,159 - INFO - Scraping Agoda for hotels in 'Hammamet' (2024-08-11 --> 2024-08-12)
2024-08-07 12:24:44,208 - INFO - Script started
2024-08-07 12:24:44,208 - INFO - Script completed
2024-08-07 12:24:44,208 - INFO - Total execution time: 0.00 seconds
2024-08-07 12:26:41,196 - INFO - Scraping Agoda for hotels in 'Hammamet' (2024-08-11 --> 2024-08-12)
2024-08-07 12:51:08,170 - INFO - Scraping Agoda for hotels in 'Hammamet' (2024-08-11 --> 2024-08-12)
2024-08-07 12:51:40,875 - INFO - Script started
2024-08-07 12:51:40,875 - INFO - Script completed
2024-08-07 12:51:40,875 - INFO - Total execution time: 0.00 seconds
2024-08-07 12:54:06,120 - INFO - Scraping Agoda for hotels in 'Hammamet' (2024-08-11 --> 2024-08-12)
2024-08-07 12:54:39,794 - INFO - Script started
2024-08-07 12:54:39,794 - INFO - Script completed
2024-08-07 12:54:39,794 - INFO - Total execution time: 0.00 seconds
2024-08-07 12:56:18,178 - INFO - Scraping Agoda for hotels in 'Hammamet' (2024-08-07 --> 2024-08-08)
2024-08-07 12:56:49,474 - INFO - Script started
2024-08-07 12:56:49,474 - INFO - Script completed
2024-08-07 12:56:49,474 - INFO - Total execution time: 0.00 seconds
2024-08-07 12:58:57,162 - INFO - Scraping Agoda for hotels in 'Hammamet' (2024-08-07 --> 2024-08-08)
2024-08-07 12:59:25,034 - INFO - Script started
2024-08-07 12:59:25,034 - INFO - Script completed
2024-08-07 12:59:25,034 - INFO - Total execution time: 0.00 seconds
2024-08-07 13:03:18,118 - INFO - Scraping Agoda for hotels in 'Hammamet' (2024-08-07 --> 2024-08-08)
2024-08-07 13:03:45,331 - INFO - Scraping Agoda for hotels in 'Hammamet' (2024-08-07 --> 2024-08-08)
2024-08-07 13:04:48,973 - INFO - Scraping Agoda for hotels in 'Hammamet' (2024-08-07 --> 2024-08-08)
2024-08-07 13:05:17,446 - INFO - Script started
2024-08-07 13:05:17,447 - INFO - Script completed
2024-08-07 13:05:17,447 - INFO - Total execution time: 0.00 seconds
2024-08-07 13:06:40,688 - INFO - Scraping Agoda for hotels in 'Hammamet' (2024-08-07 --> 2024-08-08)
2024-08-08 10:37:50,268 - INFO - Script started
2024-08-08 10:37:57,394 - INFO - Scraping Travel To Do for hotels in Hammamet (2024-08-08 --> 2024-08-09)
2024-08-08 10:38:44,359 - INFO - Got info of 24/63 hotels
2024-08-08 10:38:44,359 - INFO - Processed records: 24
2024-08-08 10:38:52,102 - INFO - Scraping Travel To Do for hotels in Tunis (2024-08-08 --> 2024-08-09)
2024-08-08 10:39:58,415 - INFO - Got info of 47/54 hotels
2024-08-08 10:39:58,415 - INFO - Processed records: 47
2024-08-08 10:40:05,868 - INFO - Scraping Tunisie Booking for hotels in Hammamet (2024-08-08 --> 2024-08-09)
2024-08-08 10:40:22,944 - INFO - Got info of 6/6 hotels
2024-08-08 10:40:22,944 - INFO - Processed records: 6
2024-08-08 10:40:30,230 - INFO - Scraping Tunisie Booking for hotels in Tunis (2024-08-08 --> 2024-08-09)
2024-08-08 10:40:49,260 - INFO - Got info of 16/16 hotels
2024-08-08 10:40:49,260 - INFO - Processed records: 16
2024-08-08 10:42:52,756 - INFO - Script started
2024-08-08 10:42:57,373 - INFO - Scraping Travel To Do for hotels in Hammamet (2024-08-08 --> 2024-08-09)
2024-08-08 10:43:42,821 - INFO - Got info of 24/63 hotels
2024-08-08 10:43:42,821 - INFO - Processed records: 24
2024-08-08 10:43:50,213 - INFO - Scraping Travel To Do for hotels in Tunis (2024-08-08 --> 2024-08-09)
2024-08-08 10:44:57,388 - INFO - Got info of 47/54 hotels
2024-08-08 10:44:57,389 - INFO - Processed records: 47
2024-08-08 10:45:04,709 - INFO - Scraping Tunisie Booking for hotels in Hammamet (2024-08-08 --> 2024-08-09)
2024-08-08 10:45:21,531 - INFO - Got info of 6/6 hotels
2024-08-08 10:45:21,532 - INFO - Processed records: 6
2024-08-08 10:45:28,801 - INFO - Scraping Tunisie Booking for hotels in Tunis (2024-08-08 --> 2024-08-09)
2024-08-08 10:45:47,708 - INFO - Got info of 16/16 hotels
2024-08-08 10:45:47,708 - INFO - Processed records: 16
2024-08-08 10:45:50,379 - INFO - Script completed
2024-08-08 10:45:50,379 - INFO - Total execution time: 177.62 seconds
2024-08-08 10:46:29,322 - INFO - Script started
2024-08-08 10:46:33,899 - INFO - Scraping Travel To Do for hotels in Hammamet (2024-08-08 --> 2024-08-09)
2024-08-08 10:46:43,229 - INFO - Got info of 0/0 hotels
2024-08-08 10:46:43,229 - INFO - Processed records: 0
2024-08-08 10:46:50,595 - INFO - Scraping Tunisie Booking for hotels in Hammamet (2024-08-08 --> 2024-08-09)
2024-08-08 10:47:07,432 - INFO - Got info of 6/6 hotels
2024-08-08 10:47:07,433 - INFO - Processed records: 6
2024-08-08 10:47:14,645 - INFO - Scraping Liberta for hotels in 'Hammamet' (2024-08-08 --> 2024-08-09)
2024-08-08 10:48:11,581 - INFO - Got info of 62/67 hotels
2024-08-08 10:48:11,581 - INFO - Processed records: 62
2024-08-08 10:48:14,478 - INFO - Script completed
2024-08-08 10:48:14,478 - INFO - Total execution time: 105.16 seconds
2024-08-08 10:49:15,479 - INFO - Script started
2024-08-08 10:49:20,099 - INFO - Scraping Travel To Do for hotels in Hammamet (2024-08-08 --> 2024-08-11)
2024-08-08 10:49:58,052 - INFO - Got info of 19/64 hotels
2024-08-08 10:49:58,052 - INFO - Processed records: 19
2024-08-08 10:50:05,431 - INFO - Scraping Tunisie Booking for hotels in Hammamet (2024-08-08 --> 2024-08-11)
2024-08-08 10:50:22,680 - INFO - Got info of 7/7 hotels
2024-08-08 10:50:22,680 - INFO - Processed records: 7
2024-08-08 10:50:30,067 - INFO - Scraping Liberta for hotels in 'Hammamet' (2024-08-08 --> 2024-08-11)
2024-08-08 10:51:16,739 - INFO - Got info of 60/64 hotels
2024-08-08 10:51:16,739 - INFO - Processed records: 60
2024-08-08 10:51:19,538 - INFO - Script completed
2024-08-08 10:51:19,538 - INFO - Total execution time: 124.06 seconds
2024-08-08 11:01:13,480 - INFO - Script started
2024-08-08 11:01:18,051 - INFO - Scraping Travel To Do for hotels in Hammamet (2024-08-08 --> 2024-08-11)
2024-08-08 11:01:52,109 - INFO - Got info of 19/64 hotels
2024-08-08 11:01:52,109 - INFO - Processed records: 19
2024-08-08 11:01:55,009 - INFO - Script completed
2024-08-08 11:01:55,009 - INFO - Total execution time: 41.53 seconds
2024-08-08 11:39:43,079 - INFO - Script started
2024-08-08 11:39:48,095 - INFO - Scraping Travel To Do for hotels in Hammamet (2024-08-08 --> 2024-08-11)
2024-08-08 11:40:23,804 - INFO - Got info of 64/64 hotels
2024-08-08 11:40:23,805 - INFO - Processed records: 64
2024-08-08 11:40:26,716 - INFO - Script completed
2024-08-08 11:40:26,716 - INFO - Total execution time: 43.64 seconds
2024-08-08 11:45:00,191 - INFO - Script started
2024-08-08 11:45:04,879 - INFO - Scraping Travel To Do for hotels in Hammamet (2024-08-08 --> 2024-08-11)
2024-08-08 11:45:15,434 - INFO - Got info of 0/0 hotels
2024-08-08 11:45:15,434 - INFO - Processed records: 0
2024-08-08 11:45:22,865 - INFO - Scraping Travel To Do for hotels in Hammamet (2024-08-08 --> 2024-08-11)
2024-08-08 11:45:57,818 - INFO - Got info of 64/64 hotels
2024-08-08 11:45:57,818 - INFO - Processed records: 64
2024-08-08 11:46:00,978 - INFO - Script completed
2024-08-08 11:46:00,978 - INFO - Total execution time: 60.79 seconds
2024-08-08 11:50:22,085 - INFO - Script started
2024-08-08 11:50:26,831 - INFO - Scraping Travel To Do for hotels in Hammamet (2024-08-08 --> 2024-08-11)
2024-08-08 11:51:01,729 - INFO - Got info of 64/64 hotels
2024-08-08 11:51:01,729 - INFO - Processed records: 64
2024-08-08 11:51:04,662 - INFO - Script completed
2024-08-08 11:51:04,662 - INFO - Total execution time: 42.58 seconds
2024-08-08 11:53:02,505 - INFO - Script started
2024-08-08 11:53:07,162 - INFO - Scraping Travel To Do for hotels in Hammamet (2024-08-08 --> 2024-08-11)
2024-08-08 11:53:41,592 - INFO - Got info of 64/64 hotels
2024-08-08 11:53:41,592 - INFO - Processed records: 64
2024-08-08 11:53:44,504 - INFO - Script completed
2024-08-08 11:53:44,504 - INFO - Total execution time: 42.00 seconds
2024-08-08 12:26:31,075 - INFO - Script started
2024-08-08 12:26:36,212 - INFO - Scraping Tunisie Booking for hotels in Hammamet (2024-08-08 --> 2024-08-11)
2024-08-08 12:26:53,304 - INFO - Got info of 6/6 hotels
2024-08-08 12:26:53,304 - INFO - Processed records: 6
2024-08-08 12:26:56,220 - INFO - Script completed
2024-08-08 12:26:56,220 - INFO - Total execution time: 25.14 seconds
2024-08-08 12:28:13,182 - INFO - Script started
2024-08-08 12:28:17,946 - INFO - Scraping Tunisie Booking for hotels in Hammamet (2024-08-08 --> 2024-08-11)
2024-08-08 12:29:11,174 - INFO - Script started
2024-08-08 12:29:15,789 - INFO - Scraping Tunisie Booking for hotels in Hammamet (2024-08-08 --> 2024-08-11)
2024-08-08 12:29:36,604 - INFO - Got info of 68/68 hotels
2024-08-08 12:29:36,604 - INFO - Processed records: 68
2024-08-08 12:29:39,493 - INFO - Script completed
2024-08-08 12:29:39,493 - INFO - Total execution time: 28.32 seconds
2024-08-08 12:32:46,935 - INFO - Script started
2024-08-08 12:32:51,569 - INFO - Scraping Liberta for hotels in 'Hammamet' (2024-08-08 --> 2024-08-11)
2024-08-08 12:33:44,167 - INFO - Got info of 60/65 hotels
2024-08-08 12:33:44,167 - INFO - Processed records: 60
2024-08-08 12:33:47,013 - INFO - Script completed
2024-08-08 12:33:47,013 - INFO - Total execution time: 60.08 seconds
2024-08-08 12:56:24,222 - INFO - Script started
2024-08-08 12:56:29,224 - INFO - Scraping Liberta for hotels in 'Hammamet' (2024-08-08 --> 2024-08-11)
2024-08-08 12:58:33,026 - INFO - Script started
2024-08-08 12:58:37,866 - INFO - Scraping Liberta for hotels in 'Hammamet' (2024-08-08 --> 2024-08-11)
2024-08-08 12:59:27,087 - INFO - Got info of 60/65 hotels
2024-08-08 12:59:27,087 - INFO - Processed records: 60
2024-08-08 13:22:08,041 - INFO - Script started
2024-08-08 13:22:12,830 - INFO - Scraping Liberta for hotels in 'Hammamet' (2024-08-08 --> 2024-08-11)
2024-08-08 13:23:05,153 - INFO - Got info of 59/64 hotels
2024-08-08 13:23:05,154 - INFO - Processed records: 59
2024-08-08 13:23:08,006 - INFO - Script completed
2024-08-08 13:23:08,006 - INFO - Total execution time: 59.97 seconds
2024-08-08 13:23:58,908 - INFO - Script started
2024-08-08 13:24:03,683 - INFO - Scraping Liberta for hotels in 'Hammamet' (2024-08-08 --> 2024-08-11)
2024-08-08 13:24:54,203 - INFO - Got info of 59/64 hotels
2024-08-08 13:24:54,203 - INFO - Processed records: 59
2024-08-08 13:24:57,071 - INFO - Script completed
2024-08-08 13:24:57,071 - INFO - Total execution time: 58.16 seconds
2024-08-08 13:33:17,823 - INFO - Script started
2024-08-08 13:33:22,699 - INFO - Scraping Liberta for hotels in 'Hammamet' (2024-08-08 --> 2024-08-11)
2024-08-08 13:33:50,448 - INFO - Script started
2024-08-08 13:33:55,811 - INFO - Scraping Liberta for hotels in 'Hammamet' (2024-08-08 --> 2024-08-11)
2024-08-08 13:38:11,601 - INFO - Script started
2024-08-08 13:38:17,185 - INFO - Scraping Liberta for hotels in 'Hammamet' (2024-08-08 --> 2024-08-11)
2024-08-08 13:40:32,734 - INFO - Script started
2024-08-08 13:40:38,516 - INFO - Scraping Liberta for hotels in 'Hammamet' (2024-08-08 --> 2024-08-11)
2024-08-08 13:40:59,331 - INFO - Got info of 0/0 hotels
2024-08-08 13:40:59,331 - INFO - Processed records: 0
2024-08-08 13:41:08,699 - INFO - Scraping Liberta for hotels in 'Hammamet' (2024-08-08 --> 2024-08-11)
2024-08-08 13:41:29,565 - INFO - Got info of 0/0 hotels
2024-08-08 13:41:29,565 - INFO - Processed records: 0
2024-08-08 13:41:38,293 - INFO - Scraping Liberta for hotels in 'Hammamet' (2024-08-08 --> 2024-08-11)
2024-08-08 13:41:57,924 - INFO - Got info of 0/0 hotels
2024-08-08 13:41:57,924 - INFO - Processed records: 0
2024-08-08 13:42:07,017 - INFO - Scraping Liberta for hotels in 'Hammamet' (2024-08-08 --> 2024-08-11)
2024-08-08 13:42:35,955 - INFO - Got info of 0/0 hotels
2024-08-08 13:42:35,955 - INFO - Processed records: 0
2024-08-08 13:42:39,148 - INFO - Script completed
2024-08-08 13:42:39,148 - INFO - Total execution time: 126.41 seconds
2024-08-08 13:51:40,248 - INFO - Script started
2024-08-08 13:51:45,843 - INFO - Scraping Liberta for hotels in 'Hammamet' (2024-08-08 --> 2024-08-11)
2024-08-08 13:52:05,553 - INFO - Got info of 0/0 hotels
2024-08-08 13:52:05,553 - INFO - Processed records: 0
2024-08-08 13:52:15,751 - INFO - Scraping Liberta for hotels in 'Hammamet' (2024-08-08 --> 2024-08-11)
2024-08-08 13:52:35,171 - INFO - Got info of 0/0 hotels
2024-08-08 13:52:35,171 - INFO - Processed records: 0
2024-08-08 13:52:44,540 - INFO - Scraping Liberta for hotels in 'Hammamet' (2024-08-08 --> 2024-08-11)
2024-08-08 13:53:05,636 - INFO - Got info of 0/0 hotels
2024-08-08 13:53:05,636 - INFO - Processed records: 0
2024-08-08 13:53:15,075 - INFO - Scraping Liberta for hotels in 'Hammamet' (2024-08-08 --> 2024-08-11)
2024-08-08 13:53:34,630 - INFO - Got info of 0/0 hotels
2024-08-08 13:53:34,630 - INFO - Processed records: 0
2024-08-08 13:53:38,069 - INFO - Script completed
2024-08-08 13:53:38,069 - INFO - Total execution time: 117.82 seconds
2024-08-08 13:54:58,813 - INFO - Script started
2024-08-08 13:55:04,700 - INFO - Scraping Liberta for hotels in 'Hammamet' (2024-08-08 --> 2024-08-11)
2024-08-08 13:56:00,552 - INFO - Got info of 59/64 hotels
2024-08-08 13:56:00,552 - INFO - Processed records: 59
2024-08-08 13:56:34,187 - INFO - Script started
2024-08-08 13:56:40,246 - INFO - Scraping Liberta for hotels in 'Hammamet' (2024-08-08 --> 2024-08-11)
2024-08-08 13:56:59,344 - INFO - Script started
2024-08-08 13:57:03,973 - INFO - Scraping Liberta for hotels in 'Hammamet' (2024-08-08 --> 2024-08-11)
2024-08-08 13:57:51,073 - INFO - Got info of 59/64 hotels
2024-08-08 13:57:51,073 - INFO - Processed records: 59
2024-08-08 14:02:38,652 - INFO - Script started
2024-08-08 14:02:43,409 - INFO - Scraping Liberta for hotels in 'Hammamet' (2024-08-08 --> 2024-08-11)
2024-08-08 14:03:50,557 - INFO - Got info of 58/62 hotels
2024-08-08 14:03:50,557 - INFO - Processed records: 58
2024-08-08 14:03:53,748 - INFO - Script completed
2024-08-08 14:03:53,748 - INFO - Total execution time: 75.09 seconds
2024-08-08 14:27:06,176 - INFO - Script started
2024-08-08 14:27:10,939 - INFO - Scraping Travel To Do for hotels in Hammamet (2024-08-08 --> 2024-08-11)
2024-08-08 14:27:46,495 - INFO - Got info of 64/64 hotels
2024-08-08 14:27:46,496 - INFO - Processed records: 64
2024-08-08 14:27:49,291 - INFO - Script completed
2024-08-08 14:27:49,291 - INFO - Total execution time: 43.11 seconds
2024-08-08 14:48:41,711 - INFO - Script started
2024-08-08 14:48:46,370 - INFO - Scraping Tunisie Booking for hotels in Hammamet (2024-08-08 --> 2024-08-11)
2024-08-08 14:49:14,668 - INFO - Script started
2024-08-08 14:49:19,401 - INFO - Scraping Tunisie Booking for hotels in Hammamet (2024-08-08 --> 2024-08-11)
2024-08-08 14:49:34,915 - INFO - Got info of 0/0 hotels
2024-08-08 14:49:34,915 - INFO - Processed records: 0
2024-08-08 14:50:29,665 - INFO - Script started
2024-08-08 14:50:34,482 - INFO - Scraping Tunisie Booking for hotels in Hammamet (2024-08-08 --> 2024-08-11)
2024-08-08 14:50:54,599 - INFO - Got info of 68/68 hotels
2024-08-08 14:50:54,599 - INFO - Processed records: 68
2024-08-08 14:50:57,367 - INFO - Script completed
2024-08-08 14:50:57,368 - INFO - Total execution time: 27.70 seconds
2024-08-08 15:16:12,628 - INFO - Script started
2024-08-08 15:16:43,423 - INFO - Script started
2024-08-08 15:16:48,314 - INFO - Scraping Travel To Do for hotels in Hammamet (2024-08-08 --> 2024-08-11)
2024-08-08 15:17:24,084 - INFO - Got info of 64/64 hotels
2024-08-08 15:17:24,084 - INFO - Processed records: 64
2024-08-08 15:17:31,963 - INFO - Scraping Travel To Do for hotels in Tunis (2024-08-08 --> 2024-08-11)
2024-08-08 15:20:39,226 - INFO - Script started
2024-08-08 15:20:43,876 - INFO - Scraping Travel To Do for hotels in Hammamet (2024-08-08 --> 2024-08-11)
2024-08-08 15:21:18,704 - INFO - Got info of 64/64 hotels
2024-08-08 15:21:18,704 - INFO - Processed records: 64
2024-08-08 15:21:26,139 - INFO - Scraping Travel To Do for hotels in Tunis (2024-08-08 --> 2024-08-11)
2024-08-08 15:23:01,356 - INFO - Script started
2024-08-08 15:23:06,014 - INFO - Scraping Travel To Do for hotels in Hammamet (2024-08-08 --> 2024-08-11)
2024-08-08 15:23:16,025 - INFO - Got info of 0/0 hotels
2024-08-08 15:23:16,025 - INFO - Processed records: 0
2024-08-08 15:23:23,321 - INFO - Scraping Travel To Do for hotels in Hammamet (2024-08-08 --> 2024-08-11)
2024-08-08 15:23:58,614 - INFO - Got info of 64/64 hotels
2024-08-08 15:23:58,614 - INFO - Processed records: 64
2024-08-08 15:24:06,091 - INFO - Scraping Travel To Do for hotels in Tunis (2024-08-08 --> 2024-08-11)
2024-08-08 15:31:27,186 - INFO - Script started
2024-08-08 15:31:31,811 - INFO - Scraping Travel To Do for hotels in Hammamet (2024-08-08 --> 2024-08-11)
2024-08-08 15:32:08,232 - INFO - Got info of 64/64 hotels
2024-08-08 15:32:08,232 - INFO - Processed records: 64
2024-08-08 15:32:15,621 - INFO - Scraping Travel To Do for hotels in Tunis (2024-08-08 --> 2024-08-11)
2024-08-08 15:33:06,478 - INFO - Script started
2024-08-08 15:33:11,363 - INFO - Scraping Travel To Do for hotels in Hammamet (2024-08-08 --> 2024-08-11)
2024-08-08 15:33:47,164 - INFO - Got info of 64/64 hotels
2024-08-08 15:33:47,164 - INFO - Processed records: 64
2024-08-08 15:33:54,555 - INFO - Scraping Travel To Do for hotels in Tunis (2024-08-08 --> 2024-08-11)
2024-08-08 15:35:02,073 - INFO - Got info of 54/54 hotels
2024-08-08 15:35:02,073 - INFO - Processed records: 54
2024-08-08 15:35:09,505 - INFO - Scraping Travel To Do for hotels in Monastir (2024-08-08 --> 2024-08-11)
2024-08-08 15:35:31,565 - INFO - Got info of 22/22 hotels
2024-08-08 15:35:31,565 - INFO - Processed records: 22
2024-08-08 15:35:38,897 - INFO - Scraping Travel To Do for hotels in Sousse (2024-08-08 --> 2024-08-11)
2024-08-08 15:36:04,241 - INFO - Got info of 40/40 hotels
2024-08-08 15:36:04,241 - INFO - Processed records: 40
2024-08-08 15:36:11,507 - INFO - Scraping Travel To Do for hotels in Djerba (2024-08-08 --> 2024-08-11)
2024-08-08 15:36:45,419 - INFO - Got info of 51/51 hotels
2024-08-08 15:36:45,419 - INFO - Processed records: 51
2024-08-08 15:36:52,691 - INFO - Scraping Travel To Do for hotels in Mahdia (2024-08-08 --> 2024-08-11)
2024-08-08 15:37:10,286 - INFO - Got info of 13/13 hotels
2024-08-08 15:37:10,286 - INFO - Processed records: 13
2024-08-08 15:37:17,644 - INFO - Scraping Travel To Do for hotels in Tozeur (2024-08-08 --> 2024-08-11)
2024-08-08 15:37:40,487 - INFO - Got info of 7/7 hotels
2024-08-08 15:37:40,488 - INFO - Processed records: 7
2024-08-08 15:37:47,778 - INFO - Scraping Travel To Do for hotels in Tabarka (2024-08-08 --> 2024-08-11)
2024-08-08 15:37:57,903 - INFO - Got info of 5/5 hotels
2024-08-08 15:37:57,903 - INFO - Processed records: 5
2024-08-08 15:38:05,179 - INFO - Scraping Tunisie Booking for hotels in Hammamet (2024-08-08 --> 2024-08-11)
2024-08-08 15:38:25,066 - INFO - Got info of 68/68 hotels
2024-08-08 15:38:25,067 - INFO - Processed records: 68
2024-08-08 15:38:32,407 - INFO - Scraping Tunisie Booking for hotels in Tunis (2024-08-08 --> 2024-08-11)
2024-08-08 15:38:51,354 - INFO - Got info of 20/20 hotels
2024-08-08 15:38:51,354 - INFO - Processed records: 20
2024-08-08 15:38:58,618 - INFO - Scraping Tunisie Booking for hotels in Monastir (2024-08-08 --> 2024-08-11)
2024-08-08 15:39:15,843 - INFO - Got info of 26/26 hotels
2024-08-08 15:39:15,843 - INFO - Processed records: 26
2024-08-08 15:39:23,062 - INFO - Scraping Tunisie Booking for hotels in Sousse (2024-08-08 --> 2024-08-11)
2024-08-08 15:39:42,120 - INFO - Got info of 44/44 hotels
2024-08-08 15:39:42,121 - INFO - Processed records: 44
2024-08-08 15:39:49,549 - INFO - Scraping Tunisie Booking for hotels in Djerba (2024-08-08 --> 2024-08-11)
2024-08-08 15:40:08,217 - INFO - Got info of 58/58 hotels
2024-08-08 15:40:08,217 - INFO - Processed records: 58
2024-08-08 15:40:15,542 - INFO - Scraping Tunisie Booking for hotels in Mahdia (2024-08-08 --> 2024-08-11)
2024-08-08 15:40:32,559 - INFO - Got info of 14/14 hotels
2024-08-08 15:40:32,559 - INFO - Processed records: 14
2024-08-08 15:40:39,857 - INFO - Scraping Tunisie Booking for hotels in Tozeur (2024-08-08 --> 2024-08-11)
2024-08-08 15:40:56,889 - INFO - Got info of 6/6 hotels
2024-08-08 15:40:56,889 - INFO - Processed records: 6
2024-08-08 15:41:04,122 - INFO - Scraping Tunisie Booking for hotels in Tabarka (2024-08-08 --> 2024-08-11)
2024-08-08 15:41:19,906 - INFO - Got info of 7/7 hotels
2024-08-08 15:41:19,907 - INFO - Processed records: 7
2024-08-08 15:41:27,164 - INFO - Scraping Liberta for hotels in 'Hammamet' (2024-08-08 --> 2024-08-11)
2024-08-08 15:42:11,239 - INFO - Got info of 58/64 hotels
2024-08-08 15:42:11,239 - INFO - Processed records: 58
2024-08-08 15:42:18,707 - INFO - Scraping Liberta for hotels in 'Tunis' (2024-08-08 --> 2024-08-11)
2024-08-08 15:42:39,440 - INFO - Got info of 0/0 hotels
2024-08-08 15:42:39,440 - INFO - Processed records: 0
2024-08-08 15:42:46,674 - INFO - Scraping Liberta for hotels in 'Tunis' (2024-08-08 --> 2024-08-11)
2024-08-08 15:43:12,892 - INFO - Got info of 0/0 hotels
2024-08-08 15:43:12,892 - INFO - Processed records: 0
2024-08-08 15:43:20,194 - INFO - Scraping Liberta for hotels in 'Tunis' (2024-08-08 --> 2024-08-11)
2024-08-08 15:44:12,579 - INFO - Got info of 43/43 hotels
2024-08-08 15:44:12,579 - INFO - Processed records: 43
2024-08-08 15:44:20,037 - INFO - Scraping Liberta for hotels in 'Monastir' (2024-08-08 --> 2024-08-11)
2024-08-08 15:44:41,027 - INFO - Got info of 0/0 hotels
2024-08-08 15:44:41,027 - INFO - Processed records: 0
2024-08-08 15:44:48,306 - INFO - Scraping Liberta for hotels in 'Monastir' (2024-08-08 --> 2024-08-11)
2024-08-08 15:45:24,877 - INFO - Got info of 23/24 hotels
2024-08-08 15:45:24,878 - INFO - Processed records: 23
2024-08-08 15:45:32,173 - INFO - Scraping Liberta for hotels in 'Sousse' (2024-08-08 --> 2024-08-11)
2024-08-08 15:46:10,954 - INFO - Got info of 31/35 hotels
2024-08-08 15:46:10,954 - INFO - Processed records: 31
2024-08-08 15:46:18,333 - INFO - Scraping Liberta for hotels in 'Djerba' (2024-08-08 --> 2024-08-11)
2024-08-08 15:46:59,076 - INFO - Got info of 50/50 hotels
2024-08-08 15:46:59,077 - INFO - Processed records: 50
2024-08-08 15:47:06,523 - INFO - Scraping Liberta for hotels in 'Mahdia' (2024-08-08 --> 2024-08-11)
2024-08-08 15:47:41,042 - INFO - Got info of 13/14 hotels
2024-08-08 15:47:41,042 - INFO - Processed records: 13
2024-08-08 15:47:48,400 - INFO - Scraping Liberta for hotels in 'Tozeur' (2024-08-08 --> 2024-08-11)
2024-08-08 15:48:25,795 - INFO - Got info of 9/9 hotels
2024-08-08 15:48:25,795 - INFO - Processed records: 9
2024-08-08 15:48:33,154 - INFO - Scraping Liberta for hotels in 'Tabarka' (2024-08-08 --> 2024-08-11)
2024-08-08 15:49:07,623 - INFO - Got info of 7/7 hotels
2024-08-08 15:49:07,623 - INFO - Processed records: 7
2024-08-08 15:49:10,363 - INFO - Script completed
2024-08-08 15:49:10,364 - INFO - Total execution time: 963.89 seconds
2024-08-09 08:34:18,190 - INFO - Script started
2024-08-09 08:34:23,574 - INFO - Scraping Travel To Do for hotels in Hammamet (2024-08-09 --> 2024-08-10)
2024-08-09 08:35:04,954 - INFO - Got info of 63/63 hotels
2024-08-09 08:35:04,954 - INFO - Processed records: 63
2024-08-09 08:35:12,656 - INFO - Scraping Travel To Do for hotels in Tunis (2024-08-09 --> 2024-08-10)
2024-08-09 08:36:19,742 - INFO - Got info of 54/54 hotels
2024-08-09 08:36:19,743 - INFO - Processed records: 54
2024-08-09 08:36:27,234 - INFO - Scraping Travel To Do for hotels in Monastir (2024-08-09 --> 2024-08-10)
2024-08-09 08:36:50,874 - INFO - Got info of 22/22 hotels
2024-08-09 08:36:50,874 - INFO - Processed records: 22
2024-08-09 08:36:58,247 - INFO - Scraping Travel To Do for hotels in Sousse (2024-08-09 --> 2024-08-10)
2024-08-09 08:37:26,399 - INFO - Got info of 40/40 hotels
2024-08-09 08:37:26,400 - INFO - Processed records: 40
2024-08-09 08:37:33,785 - INFO - Scraping Travel To Do for hotels in Djerba (2024-08-09 --> 2024-08-10)
2024-08-09 08:38:10,762 - INFO - Got info of 52/52 hotels
2024-08-09 08:38:10,762 - INFO - Processed records: 52
2024-08-09 08:38:18,078 - INFO - Scraping Travel To Do for hotels in Mahdia (2024-08-09 --> 2024-08-10)
2024-08-09 08:38:37,214 - INFO - Got info of 13/13 hotels
2024-08-09 08:38:37,214 - INFO - Processed records: 13
2024-08-09 08:38:44,516 - INFO - Scraping Travel To Do for hotels in Tozeur (2024-08-09 --> 2024-08-10)
2024-08-09 08:39:08,139 - INFO - Got info of 7/7 hotels
2024-08-09 08:39:08,139 - INFO - Processed records: 7
2024-08-09 08:39:15,521 - INFO - Scraping Travel To Do for hotels in Tabarka (2024-08-09 --> 2024-08-10)
2024-08-09 08:39:25,996 - INFO - Got info of 5/5 hotels
2024-08-09 08:39:25,996 - INFO - Processed records: 5
2024-08-09 08:39:33,313 - INFO - Scraping Tunisie Booking for hotels in Hammamet (2024-08-09 --> 2024-08-10)
2024-08-09 08:39:53,849 - INFO - Got info of 68/68 hotels
2024-08-09 08:39:53,849 - INFO - Processed records: 68
2024-08-09 08:40:01,700 - INFO - Scraping Tunisie Booking for hotels in Tunis (2024-08-09 --> 2024-08-10)
2024-08-09 08:40:21,204 - INFO - Got info of 20/20 hotels
2024-08-09 08:40:21,204 - INFO - Processed records: 20
2024-08-09 08:40:28,515 - INFO - Scraping Tunisie Booking for hotels in Monastir (2024-08-09 --> 2024-08-10)
2024-08-09 08:40:45,351 - INFO - Got info of 26/26 hotels
2024-08-09 08:40:45,351 - INFO - Processed records: 26
2024-08-09 08:40:52,690 - INFO - Scraping Tunisie Booking for hotels in Sousse (2024-08-09 --> 2024-08-10)
2024-08-09 08:41:12,779 - INFO - Got info of 44/44 hotels
2024-08-09 08:41:12,779 - INFO - Processed records: 44
2024-08-09 08:41:20,805 - INFO - Scraping Tunisie Booking for hotels in Djerba (2024-08-09 --> 2024-08-10)
2024-08-09 08:41:40,933 - INFO - Got info of 59/59 hotels
2024-08-09 08:41:40,933 - INFO - Processed records: 59
2024-08-09 08:41:48,415 - INFO - Scraping Tunisie Booking for hotels in Mahdia (2024-08-09 --> 2024-08-10)
2024-08-09 08:42:04,843 - INFO - Got info of 14/14 hotels
2024-08-09 08:42:04,843 - INFO - Processed records: 14
2024-08-09 08:42:12,065 - INFO - Scraping Tunisie Booking for hotels in Tozeur (2024-08-09 --> 2024-08-10)
2024-08-09 08:42:28,620 - INFO - Got info of 6/6 hotels
2024-08-09 08:42:28,620 - INFO - Processed records: 6
2024-08-09 08:42:35,985 - INFO - Scraping Tunisie Booking for hotels in Tabarka (2024-08-09 --> 2024-08-10)
2024-08-09 08:42:51,700 - INFO - Got info of 7/7 hotels
2024-08-09 08:42:51,700 - INFO - Processed records: 7
2024-08-09 08:42:59,043 - INFO - Scraping Liberta for hotels in 'Hammamet' (2024-08-09 --> 2024-08-10)
2024-08-09 08:43:42,950 - INFO - Got info of 59/64 hotels
2024-08-09 08:43:42,951 - INFO - Processed records: 59
2024-08-09 08:43:50,367 - INFO - Scraping Liberta for hotels in 'Tunis' (2024-08-09 --> 2024-08-10)
2024-08-09 08:44:11,098 - INFO - Got info of 0/0 hotels
2024-08-09 08:44:11,098 - INFO - Processed records: 0
2024-08-09 08:44:18,290 - INFO - Scraping Liberta for hotels in 'Tunis' (2024-08-09 --> 2024-08-10)
2024-08-09 08:44:41,180 - INFO - Got info of 0/0 hotels
2024-08-09 08:44:41,180 - INFO - Processed records: 0
2024-08-09 08:44:48,448 - INFO - Scraping Liberta for hotels in 'Tunis' (2024-08-09 --> 2024-08-10)
2024-08-09 08:45:38,458 - INFO - Got info of 43/43 hotels
2024-08-09 08:45:38,458 - INFO - Processed records: 43
2024-08-09 08:45:45,998 - INFO - Scraping Liberta for hotels in 'Monastir' (2024-08-09 --> 2024-08-10)
2024-08-09 08:46:23,382 - INFO - Got info of 23/24 hotels
2024-08-09 08:46:23,382 - INFO - Processed records: 23
2024-08-09 08:46:31,200 - INFO - Scraping Liberta for hotels in 'Sousse' (2024-08-09 --> 2024-08-10)
2024-08-09 08:46:57,097 - INFO - Got info of 0/0 hotels
2024-08-09 08:46:57,097 - INFO - Processed records: 0
2024-08-09 08:47:04,600 - INFO - Scraping Liberta for hotels in 'Sousse' (2024-08-09 --> 2024-08-10)
2024-08-09 08:47:25,272 - INFO - Got info of 0/0 hotels
2024-08-09 08:47:25,272 - INFO - Processed records: 0
2024-08-09 08:47:32,685 - INFO - Scraping Liberta for hotels in 'Sousse' (2024-08-09 --> 2024-08-10)
2024-08-09 08:48:11,136 - INFO - Got info of 33/35 hotels
2024-08-09 08:48:11,136 - INFO - Processed records: 33
2024-08-09 08:48:20,281 - INFO - Scraping Liberta for hotels in 'Djerba' (2024-08-09 --> 2024-08-10)
2024-08-09 08:49:44,957 - INFO - Got info of 52/52 hotels
2024-08-09 08:49:44,957 - INFO - Processed records: 52
2024-08-09 08:49:52,739 - INFO - Scraping Liberta for hotels in 'Mahdia' (2024-08-09 --> 2024-08-10)
2024-08-09 08:50:25,216 - INFO - Got info of 13/14 hotels
2024-08-09 08:50:25,216 - INFO - Processed records: 13
2024-08-09 08:50:32,971 - INFO - Scraping Liberta for hotels in 'Tozeur' (2024-08-09 --> 2024-08-10)
2024-08-09 08:51:14,690 - INFO - Got info of 10/10 hotels
2024-08-09 08:51:14,690 - INFO - Processed records: 10
2024-08-09 08:51:22,515 - INFO - Scraping Liberta for hotels in 'Tabarka' (2024-08-09 --> 2024-08-10)
2024-08-09 08:52:00,359 - INFO - Got info of 7/7 hotels
2024-08-09 08:52:00,359 - INFO - Processed records: 7
2024-08-09 08:52:03,161 - INFO - Script completed
2024-08-09 08:52:03,162 - INFO - Total execution time: 1064.97 seconds
2024-08-09 12:05:37,690 - INFO - Script started
2024-08-09 12:05:43,822 - INFO - Scraping Travel To Do for hotels in Hammamet (2024-08-12 --> 2024-08-13)
2024-08-12 10:05:09,727 - INFO - Script started
2024-08-12 10:05:15,625 - INFO - Scraping Travel To Do for hotels in Hammamet (2024-12-08 --> 2024-12-09)
2024-08-12 10:05:33,454 - INFO - Script started
2024-08-12 10:05:38,363 - INFO - Scraping Travel To Do for hotels in Hammamet (2024-08-12 --> 2024-08-13)
2024-08-12 10:06:20,793 - INFO - Got info of 62/62 hotels
2024-08-12 10:06:20,793 - INFO - Processed records: 62
2024-08-12 10:06:28,723 - INFO - Scraping Travel To Do for hotels in Tunis (2024-08-12 --> 2024-08-13)
2024-08-12 10:07:51,958 - INFO - Got info of 54/54 hotels
2024-08-12 10:07:51,958 - INFO - Processed records: 54
2024-08-12 10:07:59,896 - INFO - Scraping Travel To Do for hotels in Monastir (2024-08-12 --> 2024-08-13)
2024-08-12 10:08:16,392 - INFO - Got info of 20/20 hotels
2024-08-12 10:08:16,393 - INFO - Processed records: 20
2024-08-12 10:08:25,019 - INFO - Scraping Travel To Do for hotels in Sousse (2024-08-12 --> 2024-08-13)
2024-08-12 10:09:02,393 - INFO - Got info of 41/41 hotels
2024-08-12 10:09:02,393 - INFO - Processed records: 41
2024-08-12 10:09:10,807 - INFO - Scraping Travel To Do for hotels in Djerba (2024-08-12 --> 2024-08-13)
2024-08-12 10:09:44,731 - INFO - Got info of 51/51 hotels
2024-08-12 10:09:44,731 - INFO - Processed records: 51
2024-08-12 10:09:52,859 - INFO - Scraping Travel To Do for hotels in Mahdia (2024-08-12 --> 2024-08-13)
2024-08-12 10:10:10,195 - INFO - Got info of 13/13 hotels
2024-08-12 10:10:10,196 - INFO - Processed records: 13
2024-08-12 10:10:18,612 - INFO - Scraping Travel To Do for hotels in Tozeur (2024-08-12 --> 2024-08-13)
2024-08-12 10:10:44,329 - INFO - Got info of 7/7 hotels
2024-08-12 10:10:44,329 - INFO - Processed records: 7
2024-08-12 10:10:51,893 - INFO - Scraping Travel To Do for hotels in Tabarka (2024-08-12 --> 2024-08-13)
2024-08-12 10:11:10,066 - INFO - Got info of 5/5 hotels
2024-08-12 10:11:10,066 - INFO - Processed records: 5
2024-08-12 10:11:12,810 - INFO - Script completed
2024-08-12 10:11:12,810 - INFO - Total execution time: 339.36 seconds
